Hmm ... looks like a package

This is pdfTeX, Version 3.14159265-2.6-1.40.17 (TeX Live 2016) (preloaded format=pdflatex)
 restricted \write18 enabled.
entering extended mode
LaTeX2e <2017/01/01> patch level 1
Babel <3.9r> and hyphenation patterns for 83 language(s) loaded.
(./Rd2.tex
(/usr/local/texlive/2016/portable/texmf-dist/tex/latex/base/book.cls
Document Class: book 2014/09/29 v1.4h Standard LaTeX document class
(/usr/local/texlive/2016/portable/texmf-dist/tex/latex/base/bk10.clo))
(/usr/local/gcc-6_3_0/openmpi-2_0_1/R/3.3.3/lib64/R/share/texmf/tex/latex/Rd.st
y (/usr/local/texlive/2016/portable/texmf-dist/tex/latex/base/ifthen.sty)
(/usr/local/texlive/2016/portable/texmf-dist/tex/latex/tools/longtable.sty)
(/usr/local/texlive/2016/portable/texmf-dist/tex/latex/tools/bm.sty)
(/usr/local/texlive/2016/portable/texmf-dist/tex/latex/base/alltt.sty)
(/usr/local/texlive/2016/portable/texmf-dist/tex/latex/tools/verbatim.sty)
(/usr/local/texlive/2016/portable/texmf-dist/tex/latex/url/url.sty)
(/usr/local/texlive/2016/portable/texmf-dist/tex/latex/base/textcomp.sty
(/usr/local/texlive/2016/portable/texmf-dist/tex/latex/base/ts1enc.def))
(/usr/local/texlive/2016/portable/texmf-dist/tex/latex/base/fontenc.sty
(/usr/local/texlive/2016/portable/texmf-dist/tex/latex/base/t1enc.def))
(/usr/local/texlive/2016/portable/texmf-dist/tex/latex/psnfss/times.sty)
(/usr/local/texlive/2016/portable/texmf-dist/tex/latex/inconsolata/zi4.sty
`inconsolata-zi4' v1.112, 2017/01/04 Text macros for Inconsolata (msharpe)
(/usr/local/texlive/2016/portable/texmf-dist/tex/latex/xkeyval/xkeyval.sty
(/usr/local/texlive/2016/portable/texmf-dist/tex/generic/xkeyval/xkeyval.tex
(/usr/local/texlive/2016/portable/texmf-dist/tex/generic/xkeyval/xkvutils.tex
(/usr/local/texlive/2016/portable/texmf-dist/tex/generic/xkeyval/keyval.tex))))
) (/usr/local/texlive/2016/portable/texmf-dist/tex/latex/graphics/color.sty
(/usr/local/texlive/2016/portable/texmf-dist/tex/latex/graphics-cfg/color.cfg)
(/usr/local/texlive/2016/portable/texmf-dist/tex/latex/graphics-def/pdftex.def
(/usr/local/texlive/2016/portable/texmf-dist/tex/generic/oberdiek/infwarerr.sty
) (/usr/local/texlive/2016/portable/texmf-dist/tex/generic/oberdiek/ltxcmds.sty
)))
(/usr/local/texlive/2016/portable/texmf-dist/tex/latex/hyperref/hyperref.sty
(/usr/local/texlive/2016/portable/texmf-dist/tex/generic/oberdiek/hobsub-hyperr
ef.sty
(/usr/local/texlive/2016/portable/texmf-dist/tex/generic/oberdiek/hobsub-generi
c.sty))
(/usr/local/texlive/2016/portable/texmf-dist/tex/generic/ifxetex/ifxetex.sty)
(/usr/local/texlive/2016/portable/texmf-dist/tex/latex/oberdiek/auxhook.sty)
(/usr/local/texlive/2016/portable/texmf-dist/tex/latex/oberdiek/kvoptions.sty)
(/usr/local/texlive/2016/portable/texmf-dist/tex/latex/hyperref/pd1enc.def)
(/usr/local/texlive/2016/portable/texmf-dist/tex/latex/latexconfig/hyperref.cfg
))

Package hyperref Message: Driver (autodetected): hpdftex.

(/usr/local/texlive/2016/portable/texmf-dist/tex/latex/hyperref/hpdftex.def
(/usr/local/texlive/2016/portable/texmf-dist/tex/latex/oberdiek/rerunfilecheck.
sty))

Package hyperref Warning: Option `hyperindex' has already been used,
(hyperref)                setting the option has no effect on input line 366.


Package hyperref Warning: Option `pagebackref' has already been used,
(hyperref)                setting the option has no effect on input line 366.

) (/usr/local/texlive/2016/portable/texmf-dist/tex/latex/base/makeidx.sty)
(/usr/local/texlive/2016/portable/texmf-dist/tex/latex/base/inputenc.sty
(/usr/local/texlive/2016/portable/texmf-dist/tex/latex/base/utf8.def
(/usr/local/texlive/2016/portable/texmf-dist/tex/latex/base/t1enc.dfu)
(/usr/local/texlive/2016/portable/texmf-dist/tex/latex/base/ot1enc.dfu)
(/usr/local/texlive/2016/portable/texmf-dist/tex/latex/base/omsenc.dfu)
(/usr/local/texlive/2016/portable/texmf-dist/tex/latex/base/ts1enc.dfu)))
Writing index file Rd2.idx
No file Rd2.aux.
(/usr/local/texlive/2016/portable/texmf-dist/tex/latex/base/ts1cmr.fd)
(/usr/local/texlive/2016/portable/texmf-dist/tex/latex/psnfss/t1ptm.fd)
(/usr/local/texlive/2016/portable/texmf-dist/tex/context/base/mkii/supp-pdf.mki
i
[Loading MPS to PDF converter (version 2006.09.02).]
) (/usr/local/texlive/2016/portable/texmf-dist/tex/latex/hyperref/nameref.sty
(/usr/local/texlive/2016/portable/texmf-dist/tex/generic/oberdiek/gettitlestrin
g.sty)) (/usr/local/texlive/2016/portable/texmf-dist/tex/latex/base/utf8.def)
(/usr/local/texlive/2016/portable/texmf-dist/tex/latex/inconsolata/t1zi4.fd)
(/usr/local/texlive/2016/portable/texmf-dist/tex/latex/psnfss/t1phv.fd)
(/usr/local/texlive/2016/portable/texmf-dist/tex/latex/base/utf8.def)
(/usr/local/texlive/2016/portable/texmf-dist/tex/latex/base/utf8.def) [1{/usr/l
ocal/texlive/2016/portable/texmf-var/fonts/map/pdftex/updmap/pdftex.map}]
(/usr/local/texlive/2016/portable/texmf-dist/tex/latex/base/utf8.def)
(/usr/local/texlive/2016/portable/texmf-dist/tex/latex/base/utf8.def) [2]
(/usr/local/texlive/2016/portable/texmf-dist/tex/latex/base/utf8.def)
(/usr/local/texlive/2016/portable/texmf-dist/tex/latex/base/utf8.def)
(/usr/local/texlive/2016/portable/texmf-dist/tex/latex/base/utf8.def) [3]
(/usr/local/texlive/2016/portable/texmf-dist/tex/latex/base/utf8.def)
(/usr/local/texlive/2016/portable/texmf-dist/tex/latex/base/utf8.def) [4]
(/usr/local/texlive/2016/portable/texmf-dist/tex/latex/psnfss/ts1ptm.fd)
Overfull \hbox (3.31596pt too wide) in paragraph at lines 251--254
[]\T1/ptm/m/n/10 134 full NAACCR vari-able names along-side their cor-re-spond-
ing SAS vari-able names,

Overfull \hbox (4.78088pt too wide) in paragraph at lines 261--262
[][][]$\T1/zi4/m/n/10 https : / / healthcaredelivery . cancer . gov / seermedic
are / aboutdata / pedsf _ attachment _ a .
(/usr/local/texlive/2016/portable/texmf-dist/tex/latex/base/utf8.def) [5]
(/usr/local/texlive/2016/portable/texmf-dist/tex/latex/base/utf8.def)
(/usr/local/texlive/2016/portable/texmf-dist/tex/latex/base/utf8.def)
(/usr/local/texlive/2016/portable/texmf-dist/tex/latex/base/utf8.def) [6]
(/usr/local/texlive/2016/portable/texmf-dist/tex/latex/base/utf8.def) [7]
(/usr/local/texlive/2016/portable/texmf-dist/tex/latex/base/utf8.def)
(/usr/local/texlive/2016/portable/texmf-dist/tex/latex/base/utf8.def) [8]
(/usr/local/texlive/2016/portable/texmf-dist/tex/latex/base/utf8.def)
(/usr/local/texlive/2016/portable/texmf-dist/tex/latex/base/utf8.def) [9]
No file Rd2.ind.
[10] (/tmp/RtmpWZ8xgk/Rd2pdf274af27adef7c/Rd2.aux)

Package rerunfilecheck Warning: File `Rd2.out' has changed.
(rerunfilecheck)                Rerun to get outlines right
(rerunfilecheck)                or use package `bookmark'.

 )
(see the transcript file for additional information){/usr/local/texlive/2016/po
rtable/texmf-dist/fonts/enc/dvips/base/8r.enc}{/usr/local/texlive/2016/portable
/texmf-dist/fonts/enc/dvips/inconsolata/i4-t1-0.enc}</usr/local/texlive/2016/po
rtable/texmf-dist/fonts/type1/public/inconsolata/Inconsolata-zi4r.pfb></usr/loc
al/texlive/2016/portable/texmf-dist/fonts/type1/urw/helvetic/uhvr8a.pfb></usr/l
ocal/texlive/2016/portable/texmf-dist/fonts/type1/urw/times/utmb8a.pfb></usr/lo
cal/texlive/2016/portable/texmf-dist/fonts/type1/urw/times/utmr8a.pfb></usr/loc
al/texlive/2016/portable/texmf-dist/fonts/type1/urw/times/utmr8a.pfb></usr/loca
l/texlive/2016/portable/texmf-dist/fonts/type1/urw/times/utmri8a.pfb>
Output written on Rd2.pdf (10 pages, 93638 bytes).
Transcript written on Rd2.log.
This is pdfTeX, Version 3.14159265-2.6-1.40.17 (TeX Live 2016) (preloaded format=pdflatex)
 restricted \write18 enabled.
entering extended mode
LaTeX2e <2017/01/01> patch level 1
Babel <3.9r> and hyphenation patterns for 83 language(s) loaded.
(./Rd2.tex
(/usr/local/texlive/2016/portable/texmf-dist/tex/latex/base/book.cls
Document Class: book 2014/09/29 v1.4h Standard LaTeX document class
(/usr/local/texlive/2016/portable/texmf-dist/tex/latex/base/bk10.clo))
(/usr/local/gcc-6_3_0/openmpi-2_0_1/R/3.3.3/lib64/R/share/texmf/tex/latex/Rd.st
y (/usr/local/texlive/2016/portable/texmf-dist/tex/latex/base/ifthen.sty)
(/usr/local/texlive/2016/portable/texmf-dist/tex/latex/tools/longtable.sty)
(/usr/local/texlive/2016/portable/texmf-dist/tex/latex/tools/bm.sty)
(/usr/local/texlive/2016/portable/texmf-dist/tex/latex/base/alltt.sty)
(/usr/local/texlive/2016/portable/texmf-dist/tex/latex/tools/verbatim.sty)
(/usr/local/texlive/2016/portable/texmf-dist/tex/latex/url/url.sty)
(/usr/local/texlive/2016/portable/texmf-dist/tex/latex/base/textcomp.sty
(/usr/local/texlive/2016/portable/texmf-dist/tex/latex/base/ts1enc.def))
(/usr/local/texlive/2016/portable/texmf-dist/tex/latex/base/fontenc.sty
(/usr/local/texlive/2016/portable/texmf-dist/tex/latex/base/t1enc.def))
(/usr/local/texlive/2016/portable/texmf-dist/tex/latex/psnfss/times.sty)
(/usr/local/texlive/2016/portable/texmf-dist/tex/latex/inconsolata/zi4.sty
`inconsolata-zi4' v1.112, 2017/01/04 Text macros for Inconsolata (msharpe)
(/usr/local/texlive/2016/portable/texmf-dist/tex/latex/xkeyval/xkeyval.sty
(/usr/local/texlive/2016/portable/texmf-dist/tex/generic/xkeyval/xkeyval.tex
(/usr/local/texlive/2016/portable/texmf-dist/tex/generic/xkeyval/xkvutils.tex
(/usr/local/texlive/2016/portable/texmf-dist/tex/generic/xkeyval/keyval.tex))))
) (/usr/local/texlive/2016/portable/texmf-dist/tex/latex/graphics/color.sty
(/usr/local/texlive/2016/portable/texmf-dist/tex/latex/graphics-cfg/color.cfg)
(/usr/local/texlive/2016/portable/texmf-dist/tex/latex/graphics-def/pdftex.def
(/usr/local/texlive/2016/portable/texmf-dist/tex/generic/oberdiek/infwarerr.sty
) (/usr/local/texlive/2016/portable/texmf-dist/tex/generic/oberdiek/ltxcmds.sty
)))
(/usr/local/texlive/2016/portable/texmf-dist/tex/latex/hyperref/hyperref.sty
(/usr/local/texlive/2016/portable/texmf-dist/tex/generic/oberdiek/hobsub-hyperr
ef.sty
(/usr/local/texlive/2016/portable/texmf-dist/tex/generic/oberdiek/hobsub-generi
c.sty))
(/usr/local/texlive/2016/portable/texmf-dist/tex/generic/ifxetex/ifxetex.sty)
(/usr/local/texlive/2016/portable/texmf-dist/tex/latex/oberdiek/auxhook.sty)
(/usr/local/texlive/2016/portable/texmf-dist/tex/latex/oberdiek/kvoptions.sty)
(/usr/local/texlive/2016/portable/texmf-dist/tex/latex/hyperref/pd1enc.def)
(/usr/local/texlive/2016/portable/texmf-dist/tex/latex/latexconfig/hyperref.cfg
))

Package hyperref Message: Driver (autodetected): hpdftex.

(/usr/local/texlive/2016/portable/texmf-dist/tex/latex/hyperref/hpdftex.def
(/usr/local/texlive/2016/portable/texmf-dist/tex/latex/oberdiek/rerunfilecheck.
sty))

Package hyperref Warning: Option `hyperindex' has already been used,
(hyperref)                setting the option has no effect on input line 366.


Package hyperref Warning: Option `pagebackref' has already been used,
(hyperref)                setting the option has no effect on input line 366.

) (/usr/local/texlive/2016/portable/texmf-dist/tex/latex/base/makeidx.sty)
(/usr/local/texlive/2016/portable/texmf-dist/tex/latex/base/inputenc.sty
(/usr/local/texlive/2016/portable/texmf-dist/tex/latex/base/utf8.def
(/usr/local/texlive/2016/portable/texmf-dist/tex/latex/base/t1enc.dfu)
(/usr/local/texlive/2016/portable/texmf-dist/tex/latex/base/ot1enc.dfu)
(/usr/local/texlive/2016/portable/texmf-dist/tex/latex/base/omsenc.dfu)
(/usr/local/texlive/2016/portable/texmf-dist/tex/latex/base/ts1enc.dfu)))
Writing index file Rd2.idx
(/tmp/RtmpWZ8xgk/Rd2pdf274af27adef7c/Rd2.aux)
(/usr/local/texlive/2016/portable/texmf-dist/tex/latex/base/ts1cmr.fd)
(/usr/local/texlive/2016/portable/texmf-dist/tex/latex/psnfss/t1ptm.fd)
(/usr/local/texlive/2016/portable/texmf-dist/tex/context/base/mkii/supp-pdf.mki
i
[Loading MPS to PDF converter (version 2006.09.02).]
) (/usr/local/texlive/2016/portable/texmf-dist/tex/latex/hyperref/nameref.sty
(/usr/local/texlive/2016/portable/texmf-dist/tex/generic/oberdiek/gettitlestrin
g.sty)) (/tmp/RtmpWZ8xgk/Rd2pdf274af27adef7c/Rd2.out)
(/tmp/RtmpWZ8xgk/Rd2pdf274af27adef7c/Rd2.out)
(/usr/local/texlive/2016/portable/texmf-dist/tex/latex/base/utf8.def)
(/usr/local/texlive/2016/portable/texmf-dist/tex/latex/inconsolata/t1zi4.fd)
(/usr/local/texlive/2016/portable/texmf-dist/tex/latex/psnfss/t1phv.fd)
(/tmp/RtmpWZ8xgk/Rd2pdf274af27adef7c/Rd2.toc)
(/usr/local/texlive/2016/portable/texmf-dist/tex/latex/base/utf8.def) [1{/usr/l
ocal/texlive/2016/portable/texmf-var/fonts/map/pdftex/updmap/pdftex.map}]
(/usr/local/texlive/2016/portable/texmf-dist/tex/latex/base/utf8.def)
(/usr/local/texlive/2016/portable/texmf-dist/tex/latex/base/utf8.def) [2]
(/usr/local/texlive/2016/portable/texmf-dist/tex/latex/base/utf8.def)
(/usr/local/texlive/2016/portable/texmf-dist/tex/latex/base/utf8.def) [3]
(/usr/local/texlive/2016/portable/texmf-dist/tex/latex/base/utf8.def)
(/usr/local/texlive/2016/portable/texmf-dist/tex/latex/base/utf8.def)
(/usr/local/texlive/2016/portable/texmf-dist/tex/latex/base/utf8.def) [4]
(/usr/local/texlive/2016/portable/texmf-dist/tex/latex/base/utf8.def)
(/usr/local/texlive/2016/portable/texmf-dist/tex/latex/psnfss/ts1ptm.fd)
Overfull \hbox (3.31596pt too wide) in paragraph at lines 251--254
[]\T1/ptm/m/n/10 134 full NAACCR vari-able names along-side their cor-re-spond-
ing SAS vari-able names,
[5]
Overfull \hbox (4.78088pt too wide) in paragraph at lines 261--262
[][][]$\T1/zi4/m/n/10 https : / / healthcaredelivery . cancer . gov / seermedic
are / aboutdata / pedsf _ attachment _ a .
(/usr/local/texlive/2016/portable/texmf-dist/tex/latex/base/utf8.def)
(/usr/local/texlive/2016/portable/texmf-dist/tex/latex/base/utf8.def) [6]
(/usr/local/texlive/2016/portable/texmf-dist/tex/latex/base/utf8.def)
(/usr/local/texlive/2016/portable/texmf-dist/tex/latex/base/utf8.def) [7]
(/usr/local/texlive/2016/portable/texmf-dist/tex/latex/base/utf8.def) [8]
(/usr/local/texlive/2016/portable/texmf-dist/tex/latex/base/utf8.def)
(/usr/local/texlive/2016/portable/texmf-dist/tex/latex/base/utf8.def)
(/usr/local/texlive/2016/portable/texmf-dist/tex/latex/base/utf8.def) [9]
(/usr/local/texlive/2016/portable/texmf-dist/tex/latex/base/utf8.def)
No file Rd2.ind.
[10] (/tmp/RtmpWZ8xgk/Rd2pdf274af27adef7c/Rd2.aux) )
(see the transcript file for additional information){/usr/local/texlive/2016/po
rtable/texmf-dist/fonts/enc/dvips/base/8r.enc}{/usr/local/texlive/2016/portable
/texmf-dist/fonts/enc/dvips/inconsolata/i4-t1-0.enc}</usr/local/texlive/2016/po
rtable/texmf-dist/fonts/type1/public/inconsolata/Inconsolata-zi4r.pfb></usr/loc
al/texlive/2016/portable/texmf-dist/fonts/type1/urw/helvetic/uhvr8a.pfb></usr/l
ocal/texlive/2016/portable/texmf-dist/fonts/type1/urw/times/utmb8a.pfb></usr/lo
cal/texlive/2016/portable/texmf-dist/fonts/type1/urw/times/utmr8a.pfb></usr/loc
al/texlive/2016/portable/texmf-dist/fonts/type1/urw/times/utmr8a.pfb></usr/loca
l/texlive/2016/portable/texmf-dist/fonts/type1/urw/times/utmri8a.pfb>
Output written on Rd2.pdf (10 pages, 95034 bytes).
Transcript written on Rd2.log.
This is makeindex, version 2.15 [TeX Live 2016] (kpathsea + Thai support).
Scanning input file Rd2.idx....done (21 entries accepted, 0 rejected).
Sorting entries....done (89 comparisons).
Generating output file Rd2.ind....done (51 lines written, 0 warnings).
Output written in Rd2.ind.
Transcript written in Rd2.ilg.
This is pdfTeX, Version 3.14159265-2.6-1.40.17 (TeX Live 2016) (preloaded format=pdflatex)
 restricted \write18 enabled.
entering extended mode
LaTeX2e <2017/01/01> patch level 1
Babel <3.9r> and hyphenation patterns for 83 language(s) loaded.
(./Rd2.tex
(/usr/local/texlive/2016/portable/texmf-dist/tex/latex/base/book.cls
Document Class: book 2014/09/29 v1.4h Standard LaTeX document class
(/usr/local/texlive/2016/portable/texmf-dist/tex/latex/base/bk10.clo))
(/usr/local/gcc-6_3_0/openmpi-2_0_1/R/3.3.3/lib64/R/share/texmf/tex/latex/Rd.st
y (/usr/local/texlive/2016/portable/texmf-dist/tex/latex/base/ifthen.sty)
(/usr/local/texlive/2016/portable/texmf-dist/tex/latex/tools/longtable.sty)
(/usr/local/texlive/2016/portable/texmf-dist/tex/latex/tools/bm.sty)
(/usr/local/texlive/2016/portable/texmf-dist/tex/latex/base/alltt.sty)
(/usr/local/texlive/2016/portable/texmf-dist/tex/latex/tools/verbatim.sty)
(/usr/local/texlive/2016/portable/texmf-dist/tex/latex/url/url.sty)
(/usr/local/texlive/2016/portable/texmf-dist/tex/latex/base/textcomp.sty
(/usr/local/texlive/2016/portable/texmf-dist/tex/latex/base/ts1enc.def))
(/usr/local/texlive/2016/portable/texmf-dist/tex/latex/base/fontenc.sty
(/usr/local/texlive/2016/portable/texmf-dist/tex/latex/base/t1enc.def))
(/usr/local/texlive/2016/portable/texmf-dist/tex/latex/psnfss/times.sty)
(/usr/local/texlive/2016/portable/texmf-dist/tex/latex/inconsolata/zi4.sty
`inconsolata-zi4' v1.112, 2017/01/04 Text macros for Inconsolata (msharpe)
(/usr/local/texlive/2016/portable/texmf-dist/tex/latex/xkeyval/xkeyval.sty
(/usr/local/texlive/2016/portable/texmf-dist/tex/generic/xkeyval/xkeyval.tex
(/usr/local/texlive/2016/portable/texmf-dist/tex/generic/xkeyval/xkvutils.tex
(/usr/local/texlive/2016/portable/texmf-dist/tex/generic/xkeyval/keyval.tex))))
) (/usr/local/texlive/2016/portable/texmf-dist/tex/latex/graphics/color.sty
(/usr/local/texlive/2016/portable/texmf-dist/tex/latex/graphics-cfg/color.cfg)
(/usr/local/texlive/2016/portable/texmf-dist/tex/latex/graphics-def/pdftex.def
(/usr/local/texlive/2016/portable/texmf-dist/tex/generic/oberdiek/infwarerr.sty
) (/usr/local/texlive/2016/portable/texmf-dist/tex/generic/oberdiek/ltxcmds.sty
)))
(/usr/local/texlive/2016/portable/texmf-dist/tex/latex/hyperref/hyperref.sty
(/usr/local/texlive/2016/portable/texmf-dist/tex/generic/oberdiek/hobsub-hyperr
ef.sty
(/usr/local/texlive/2016/portable/texmf-dist/tex/generic/oberdiek/hobsub-generi
c.sty))
(/usr/local/texlive/2016/portable/texmf-dist/tex/generic/ifxetex/ifxetex.sty)
(/usr/local/texlive/2016/portable/texmf-dist/tex/latex/oberdiek/auxhook.sty)
(/usr/local/texlive/2016/portable/texmf-dist/tex/latex/oberdiek/kvoptions.sty)
(/usr/local/texlive/2016/portable/texmf-dist/tex/latex/hyperref/pd1enc.def)
(/usr/local/texlive/2016/portable/texmf-dist/tex/latex/latexconfig/hyperref.cfg
))

Package hyperref Message: Driver (autodetected): hpdftex.

(/usr/local/texlive/2016/portable/texmf-dist/tex/latex/hyperref/hpdftex.def
(/usr/local/texlive/2016/portable/texmf-dist/tex/latex/oberdiek/rerunfilecheck.
sty))

Package hyperref Warning: Option `hyperindex' has already been used,
(hyperref)                setting the option has no effect on input line 366.


Package hyperref Warning: Option `pagebackref' has already been used,
(hyperref)                setting the option has no effect on input line 366.

) (/usr/local/texlive/2016/portable/texmf-dist/tex/latex/base/makeidx.sty)
(/usr/local/texlive/2016/portable/texmf-dist/tex/latex/base/inputenc.sty
(/usr/local/texlive/2016/portable/texmf-dist/tex/latex/base/utf8.def
(/usr/local/texlive/2016/portable/texmf-dist/tex/latex/base/t1enc.dfu)
(/usr/local/texlive/2016/portable/texmf-dist/tex/latex/base/ot1enc.dfu)
(/usr/local/texlive/2016/portable/texmf-dist/tex/latex/base/omsenc.dfu)
(/usr/local/texlive/2016/portable/texmf-dist/tex/latex/base/ts1enc.dfu)))
Writing index file Rd2.idx
(/tmp/RtmpWZ8xgk/Rd2pdf274af27adef7c/Rd2.aux)
(/usr/local/texlive/2016/portable/texmf-dist/tex/latex/base/ts1cmr.fd)
(/usr/local/texlive/2016/portable/texmf-dist/tex/latex/psnfss/t1ptm.fd)
(/usr/local/texlive/2016/portable/texmf-dist/tex/context/base/mkii/supp-pdf.mki
i
[Loading MPS to PDF converter (version 2006.09.02).]
) (/usr/local/texlive/2016/portable/texmf-dist/tex/latex/hyperref/nameref.sty
(/usr/local/texlive/2016/portable/texmf-dist/tex/generic/oberdiek/gettitlestrin
g.sty)) (/tmp/RtmpWZ8xgk/Rd2pdf274af27adef7c/Rd2.out)
(/tmp/RtmpWZ8xgk/Rd2pdf274af27adef7c/Rd2.out)
(/usr/local/texlive/2016/portable/texmf-dist/tex/latex/base/utf8.def)
(/usr/local/texlive/2016/portable/texmf-dist/tex/latex/inconsolata/t1zi4.fd)
(/usr/local/texlive/2016/portable/texmf-dist/tex/latex/psnfss/t1phv.fd)
(/tmp/RtmpWZ8xgk/Rd2pdf274af27adef7c/Rd2.toc)
(/usr/local/texlive/2016/portable/texmf-dist/tex/latex/base/utf8.def) [1{/usr/l
ocal/texlive/2016/portable/texmf-var/fonts/map/pdftex/updmap/pdftex.map}]
(/usr/local/texlive/2016/portable/texmf-dist/tex/latex/base/utf8.def)
(/usr/local/texlive/2016/portable/texmf-dist/tex/latex/base/utf8.def) [2]
(/usr/local/texlive/2016/portable/texmf-dist/tex/latex/base/utf8.def)
(/usr/local/texlive/2016/portable/texmf-dist/tex/latex/base/utf8.def) [3]
(/usr/local/texlive/2016/portable/texmf-dist/tex/latex/base/utf8.def)
(/usr/local/texlive/2016/portable/texmf-dist/tex/latex/base/utf8.def)
(/usr/local/texlive/2016/portable/texmf-dist/tex/latex/base/utf8.def) [4]
(/usr/local/texlive/2016/portable/texmf-dist/tex/latex/base/utf8.def)
(/usr/local/texlive/2016/portable/texmf-dist/tex/latex/psnfss/ts1ptm.fd)
Overfull \hbox (3.31596pt too wide) in paragraph at lines 251--254
[]\T1/ptm/m/n/10 134 full NAACCR vari-able names along-side their cor-re-spond-
ing SAS vari-able names,
[5]
Overfull \hbox (4.78088pt too wide) in paragraph at lines 261--262
[][][]$\T1/zi4/m/n/10 https : / / healthcaredelivery . cancer . gov / seermedic
are / aboutdata / pedsf _ attachment _ a .
(/usr/local/texlive/2016/portable/texmf-dist/tex/latex/base/utf8.def)
(/usr/local/texlive/2016/portable/texmf-dist/tex/latex/base/utf8.def) [6]
(/usr/local/texlive/2016/portable/texmf-dist/tex/latex/base/utf8.def)
(/usr/local/texlive/2016/portable/texmf-dist/tex/latex/base/utf8.def) [7]
(/usr/local/texlive/2016/portable/texmf-dist/tex/latex/base/utf8.def) [8]
(/usr/local/texlive/2016/portable/texmf-dist/tex/latex/base/utf8.def)
(/usr/local/texlive/2016/portable/texmf-dist/tex/latex/base/utf8.def)
(/usr/local/texlive/2016/portable/texmf-dist/tex/latex/base/utf8.def) [9]
(/usr/local/texlive/2016/portable/texmf-dist/tex/latex/base/utf8.def)
(/tmp/RtmpWZ8xgk/Rd2pdf274af27adef7c/Rd2.ind [10]

LaTeX Font Warning: Font shape `T1/zi4/m/it' undefined
(Font)              using `T1/zi4/m/n' instead on input line 39.

[11]) (/tmp/RtmpWZ8xgk/Rd2pdf274af27adef7c/Rd2.aux)

Package rerunfilecheck Warning: File `Rd2.out' has changed.
(rerunfilecheck)                Rerun to get outlines right
(rerunfilecheck)                or use package `bookmark'.


LaTeX Font Warning: Some font shapes were not available, defaults substituted.

 )
(see the transcript file for additional information){/usr/local/texlive/2016/po
rtable/texmf-dist/fonts/enc/dvips/base/8r.enc}{/usr/local/texlive/2016/portable
/texmf-dist/fonts/enc/dvips/inconsolata/i4-t1-0.enc}</usr/local/texlive/2016/po
rtable/texmf-dist/fonts/type1/public/inconsolata/Inconsolata-zi4r.pfb></usr/loc
al/texlive/2016/portable/texmf-dist/fonts/type1/public/amsfonts/cm/cmsy10.pfb><
/usr/local/texlive/2016/portable/texmf-dist/fonts/type1/urw/helvetic/uhvr8a.pfb
></usr/local/texlive/2016/portable/texmf-dist/fonts/type1/urw/times/utmb8a.pfb>
</usr/local/texlive/2016/portable/texmf-dist/fonts/type1/urw/times/utmr8a.pfb><
/usr/local/texlive/2016/portable/texmf-dist/fonts/type1/urw/times/utmr8a.pfb></
usr/local/texlive/2016/portable/texmf-dist/fonts/type1/urw/times/utmri8a.pfb>
Output written on Rd2.pdf (11 pages, 104018 bytes).
Transcript written on Rd2.log.
This is makeindex, version 2.15 [TeX Live 2016] (kpathsea + Thai support).
Scanning input file Rd2.idx....done (21 entries accepted, 0 rejected).
Sorting entries....done (89 comparisons).
Generating output file Rd2.ind....done (51 lines written, 0 warnings).
Output written in Rd2.ind.
Transcript written in Rd2.ilg.
This is pdfTeX, Version 3.14159265-2.6-1.40.17 (TeX Live 2016) (preloaded format=pdflatex)
 restricted \write18 enabled.
entering extended mode
LaTeX2e <2017/01/01> patch level 1
Babel <3.9r> and hyphenation patterns for 83 language(s) loaded.
(./Rd2.tex
(/usr/local/texlive/2016/portable/texmf-dist/tex/latex/base/book.cls
Document Class: book 2014/09/29 v1.4h Standard LaTeX document class
(/usr/local/texlive/2016/portable/texmf-dist/tex/latex/base/bk10.clo))
(/usr/local/gcc-6_3_0/openmpi-2_0_1/R/3.3.3/lib64/R/share/texmf/tex/latex/Rd.st
y (/usr/local/texlive/2016/portable/texmf-dist/tex/latex/base/ifthen.sty)
(/usr/local/texlive/2016/portable/texmf-dist/tex/latex/tools/longtable.sty)
(/usr/local/texlive/2016/portable/texmf-dist/tex/latex/tools/bm.sty)
(/usr/local/texlive/2016/portable/texmf-dist/tex/latex/base/alltt.sty)
(/usr/local/texlive/2016/portable/texmf-dist/tex/latex/tools/verbatim.sty)
(/usr/local/texlive/2016/portable/texmf-dist/tex/latex/url/url.sty)
(/usr/local/texlive/2016/portable/texmf-dist/tex/latex/base/textcomp.sty
(/usr/local/texlive/2016/portable/texmf-dist/tex/latex/base/ts1enc.def))
(/usr/local/texlive/2016/portable/texmf-dist/tex/latex/base/fontenc.sty
(/usr/local/texlive/2016/portable/texmf-dist/tex/latex/base/t1enc.def))
(/usr/local/texlive/2016/portable/texmf-dist/tex/latex/psnfss/times.sty)
(/usr/local/texlive/2016/portable/texmf-dist/tex/latex/inconsolata/zi4.sty
`inconsolata-zi4' v1.112, 2017/01/04 Text macros for Inconsolata (msharpe)
(/usr/local/texlive/2016/portable/texmf-dist/tex/latex/xkeyval/xkeyval.sty
(/usr/local/texlive/2016/portable/texmf-dist/tex/generic/xkeyval/xkeyval.tex
(/usr/local/texlive/2016/portable/texmf-dist/tex/generic/xkeyval/xkvutils.tex
(/usr/local/texlive/2016/portable/texmf-dist/tex/generic/xkeyval/keyval.tex))))
) (/usr/local/texlive/2016/portable/texmf-dist/tex/latex/graphics/color.sty
(/usr/local/texlive/2016/portable/texmf-dist/tex/latex/graphics-cfg/color.cfg)
(/usr/local/texlive/2016/portable/texmf-dist/tex/latex/graphics-def/pdftex.def
(/usr/local/texlive/2016/portable/texmf-dist/tex/generic/oberdiek/infwarerr.sty
) (/usr/local/texlive/2016/portable/texmf-dist/tex/generic/oberdiek/ltxcmds.sty
)))
(/usr/local/texlive/2016/portable/texmf-dist/tex/latex/hyperref/hyperref.sty
(/usr/local/texlive/2016/portable/texmf-dist/tex/generic/oberdiek/hobsub-hyperr
ef.sty
(/usr/local/texlive/2016/portable/texmf-dist/tex/generic/oberdiek/hobsub-generi
c.sty))
(/usr/local/texlive/2016/portable/texmf-dist/tex/generic/ifxetex/ifxetex.sty)
(/usr/local/texlive/2016/portable/texmf-dist/tex/latex/oberdiek/auxhook.sty)
(/usr/local/texlive/2016/portable/texmf-dist/tex/latex/oberdiek/kvoptions.sty)
(/usr/local/texlive/2016/portable/texmf-dist/tex/latex/hyperref/pd1enc.def)
(/usr/local/texlive/2016/portable/texmf-dist/tex/latex/latexconfig/hyperref.cfg
))

Package hyperref Message: Driver (autodetected): hpdftex.

(/usr/local/texlive/2016/portable/texmf-dist/tex/latex/hyperref/hpdftex.def
(/usr/local/texlive/2016/portable/texmf-dist/tex/latex/oberdiek/rerunfilecheck.
sty))

Package hyperref Warning: Option `hyperindex' has already been used,
(hyperref)                setting the option has no effect on input line 366.


Package hyperref Warning: Option `pagebackref' has already been used,
(hyperref)                setting the option has no effect on input line 366.

) (/usr/local/texlive/2016/portable/texmf-dist/tex/latex/base/makeidx.sty)
(/usr/local/texlive/2016/portable/texmf-dist/tex/latex/base/inputenc.sty
(/usr/local/texlive/2016/portable/texmf-dist/tex/latex/base/utf8.def
(/usr/local/texlive/2016/portable/texmf-dist/tex/latex/base/t1enc.dfu)
(/usr/local/texlive/2016/portable/texmf-dist/tex/latex/base/ot1enc.dfu)
(/usr/local/texlive/2016/portable/texmf-dist/tex/latex/base/omsenc.dfu)
(/usr/local/texlive/2016/portable/texmf-dist/tex/latex/base/ts1enc.dfu)))
Writing index file Rd2.idx
(/tmp/RtmpWZ8xgk/Rd2pdf274af27adef7c/Rd2.aux)
(/usr/local/texlive/2016/portable/texmf-dist/tex/latex/base/ts1cmr.fd)
(/usr/local/texlive/2016/portable/texmf-dist/tex/latex/psnfss/t1ptm.fd)
(/usr/local/texlive/2016/portable/texmf-dist/tex/context/base/mkii/supp-pdf.mki
i
[Loading MPS to PDF converter (version 2006.09.02).]
) (/usr/local/texlive/2016/portable/texmf-dist/tex/latex/hyperref/nameref.sty
(/usr/local/texlive/2016/portable/texmf-dist/tex/generic/oberdiek/gettitlestrin
g.sty)) (/tmp/RtmpWZ8xgk/Rd2pdf274af27adef7c/Rd2.out)
(/tmp/RtmpWZ8xgk/Rd2pdf274af27adef7c/Rd2.out)
(/usr/local/texlive/2016/portable/texmf-dist/tex/latex/base/utf8.def)
(/usr/local/texlive/2016/portable/texmf-dist/tex/latex/inconsolata/t1zi4.fd)
(/usr/local/texlive/2016/portable/texmf-dist/tex/latex/psnfss/t1phv.fd)
(/tmp/RtmpWZ8xgk/Rd2pdf274af27adef7c/Rd2.toc [1{/usr/local/texlive/2016/portabl
e/texmf-var/fonts/map/pdftex/updmap/pdftex.map}])
(/usr/local/texlive/2016/portable/texmf-dist/tex/latex/base/utf8.def)
(/usr/local/texlive/2016/portable/texmf-dist/tex/latex/base/utf8.def)
(/usr/local/texlive/2016/portable/texmf-dist/tex/latex/base/utf8.def) [2]
(/usr/local/texlive/2016/portable/texmf-dist/tex/latex/base/utf8.def)
(/usr/local/texlive/2016/portable/texmf-dist/tex/latex/base/utf8.def) [3]
(/usr/local/texlive/2016/portable/texmf-dist/tex/latex/base/utf8.def)
(/usr/local/texlive/2016/portable/texmf-dist/tex/latex/base/utf8.def)
(/usr/local/texlive/2016/portable/texmf-dist/tex/latex/base/utf8.def) [4]
(/usr/local/texlive/2016/portable/texmf-dist/tex/latex/base/utf8.def)
(/usr/local/texlive/2016/portable/texmf-dist/tex/latex/psnfss/ts1ptm.fd)
Overfull \hbox (3.31596pt too wide) in paragraph at lines 251--254
[]\T1/ptm/m/n/10 134 full NAACCR vari-able names along-side their cor-re-spond-
ing SAS vari-able names,
[5]
Overfull \hbox (4.78088pt too wide) in paragraph at lines 261--262
[][][]$\T1/zi4/m/n/10 https : / / healthcaredelivery . cancer . gov / seermedic
are / aboutdata / pedsf _ attachment _ a .
(/usr/local/texlive/2016/portable/texmf-dist/tex/latex/base/utf8.def)
(/usr/local/texlive/2016/portable/texmf-dist/tex/latex/base/utf8.def) [6]
(/usr/local/texlive/2016/portable/texmf-dist/tex/latex/base/utf8.def)
(/usr/local/texlive/2016/portable/texmf-dist/tex/latex/base/utf8.def) [7]
(/usr/local/texlive/2016/portable/texmf-dist/tex/latex/base/utf8.def) [8]
(/usr/local/texlive/2016/portable/texmf-dist/tex/latex/base/utf8.def)
(/usr/local/texlive/2016/portable/texmf-dist/tex/latex/base/utf8.def)
(/usr/local/texlive/2016/portable/texmf-dist/tex/latex/base/utf8.def) [9]
(/usr/local/texlive/2016/portable/texmf-dist/tex/latex/base/utf8.def)
(/tmp/RtmpWZ8xgk/Rd2pdf274af27adef7c/Rd2.ind [10]

LaTeX Font Warning: Font shape `T1/zi4/m/it' undefined
(Font)              using `T1/zi4/m/n' instead on input line 39.

[11]) (/tmp/RtmpWZ8xgk/Rd2pdf274af27adef7c/Rd2.aux)

LaTeX Font Warning: Some font shapes were not available, defaults substituted.

 )
(see the transcript file for additional information){/usr/local/texlive/2016/po
rtable/texmf-dist/fonts/enc/dvips/base/8r.enc}{/usr/local/texlive/2016/portable
/texmf-dist/fonts/enc/dvips/inconsolata/i4-t1-0.enc}</usr/local/texlive/2016/po
rtable/texmf-dist/fonts/type1/public/inconsolata/Inconsolata-zi4r.pfb></usr/loc
al/texlive/2016/portable/texmf-dist/fonts/type1/public/amsfonts/cm/cmsy10.pfb><
/usr/local/texlive/2016/portable/texmf-dist/fonts/type1/urw/helvetic/uhvr8a.pfb
></usr/local/texlive/2016/portable/texmf-dist/fonts/type1/urw/times/utmb8a.pfb>
</usr/local/texlive/2016/portable/texmf-dist/fonts/type1/urw/times/utmr8a.pfb><
/usr/local/texlive/2016/portable/texmf-dist/fonts/type1/urw/times/utmr8a.pfb></
usr/local/texlive/2016/portable/texmf-dist/fonts/type1/urw/times/utmri8a.pfb>
Output written on Rd2.pdf (11 pages, 104191 bytes).
Transcript written on Rd2.log.
Saving output to 'augur-manual.pdf' ...
Done
You may want to clean up by 'rm -rf /tmp/RtmpWZ8xgk/Rd2pdf274af27adef7c'
